<?xml version="1.0" encoding="UTF-8"?>
<!-- Generated by org.testng.reporters.JUnitReportReporter -->
<testsuite hostname="LAPTOP-PR1LFR9C" failures="0" tests="1" name="com.seleniumAutomationWebsiteFrameworkProject.testCases.LoginTestCrm" time="3.109" errors="0" timestamp="2022-05-25T14:59:42 EDT" skipped="0">
  <testcase classname="com.seleniumAutomationWebsiteFrameworkProject.testCases.LoginTestCrm" name="loginApp" time="3.109"/>
  <system-out/>
</testsuite> <!-- com.seleniumAutomationWebsiteFrameworkProject.testCases.LoginTestCrm -->
